*** Using Compiler 'V5.06 update 7 (build 960)', folder: 'D:\ProgramFiles\Keilv5\ARM\ARMCC\Bin'
Build target 'SinglePhaseMeter_G030'
compiling stm32g0xx_ll_adc.c...
assembling startup_stm32g030xx.s...
compiling stm32g0xx_ll_rcc.c...
compiling stm32g0xx_ll_dma.c...
compiling i2c.c...
compiling stm32g0xx_hal_flash_ex.c...
compiling stm32g0xx_hal_adc_ex.c...
compiling usart.c...
compiling adc.c...
compiling main.c...
compiling gpio.c...
compiling stm32g0xx_it.c...
compiling stm32g0xx_hal_pwr.c...
compiling stm32g0xx_hal_dma_ex.c...
compiling stm32g0xx_hal_msp.c...
compiling stm32g0xx_hal_gpio.c...
compiling stm32g0xx_hal_rcc_ex.c...
compiling stm32g0xx_hal_pwr_ex.c...
compiling stm32g0xx_hal_dma.c...
compiling stm32g0xx_hal_flash.c...
compiling stm32g0xx_hal_cortex.c...
compiling stm32g0xx_hal_rcc.c...
compiling stm32g0xx_hal_adc.c...
compiling stm32g0xx_hal_tim.c...
compiling stm32g0xx_hal_i2c_ex.c...
compiling stm32g0xx_hal_exti.c...
compiling stm32g0xx_hal.c...
compiling stm32g0xx_hal_tim_ex.c...
compiling system_stm32g0xx.c...
compiling stm32g0xx_hal_uart_ex.c...
compiling stm32g0xx_hal_uart.c...
compiling stm32g0xx_hal_i2c.c...
linking...
Program Size: Code=8288 RO-data=360 RW-data=16 ZI-data=1968  
FromELF: creating hex file...
"SinglePhaseMeter_G030\SinglePhaseMeter_G030.axf" - 0 Error(s), 0 Warning(s).
Build Time Elapsed:  00:00:10
